<?xml version="1.0" encoding="UTF-8"?>
<testng-results ignored="0" total="1" passed="1" failed="0" skipped="0">
  <reporter-output>
  </reporter-output>
  <suite started-at="2021-01-10T11:11:32 GMT" name="Default suite" finished-at="2021-01-10T11:12:12 GMT" duration-ms="40003">
    <groups>
    </groups>
    <test started-at="2021-01-10T11:11:32 GMT" name="Default test" finished-at="2021-01-10T11:12:12 GMT" duration-ms="40003">
      <class name="trainline.TestNGRun">
        <test-method is-config="true" signature="LaunchBrowser()[pri:0, instance:trainline.TestNGRun@71c3b41]" started-at="2021-01-10T11:11:32 GMT" name="LaunchBrowser" finished-at="2021-01-10T11:11:41 GMT" duration-ms="9525" status="PASS">
          <reporter-output>
          </reporter-output>
        </test-method> <!-- LaunchBrowser -->
        <test-method signature="testCase()[pri:0, instance:trainline.TestNGRun@71c3b41]" started-at="2021-01-10T11:11:41 GMT" name="testCase" finished-at="2021-01-10T11:12:11 GMT" duration-ms="29679" status="PASS">
          <reporter-output>
          </reporter-output>
        </test-method> <!-- testCase -->
        <test-method is-config="true" signature="ClosingBrowser()[pri:0, instance:trainline.TestNGRun@71c3b41]" started-at="2021-01-10T11:12:11 GMT" name="ClosingBrowser" finished-at="2021-01-10T11:12:12 GMT" duration-ms="742" status="PASS">
          <reporter-output>
          </reporter-output>
        </test-method> <!-- ClosingBrowser -->
      </class> <!-- trainline.TestNGRun -->
    </test> <!-- Default test -->
  </suite> <!-- Default suite -->
</testng-results>
